{"name": "test_issue_dynamic", "status": "failed", "statusDetails": {"message": "selene.core.exceptions.TimeoutException: Message: \n\nTimed out after 4s, while waiting for:\nbrowser.element(('xpath', './/*[text()[contains(normalize-space(.), concat(\"\", \"Issue_created_to_test_allure_reportt\"))]]')).is visible\n\nReason: NoSuchElementException: Message: no such element: Unable to locate element: {\"method\":\"xpath\",\"selector\":\".//*[text()[contains(normalize-space(.), concat(\"\", \"Issue_created_to_test_allure_reportt\"))]]\"}\n  (Session info: chrome-headless-shell=120.0.6099.71); For documentation on this error, please visit: https://www.selenium.dev/documentation/webdriver/troubleshooting/errors#no-such-element-exception\nStacktrace:\n\tGetHandleVerifier [0x010F6E73+174291]\n\t(No symbol) [0x01020AC1]\n\t(No symbol) [0x00D36FF6]\n\t(No symbol) [0x00D69876]\n\t(No symbol) [0x00D69C2C]\n\t(No symbol) [0x00D9BD42]\n\t(No symbol) [0x00D87054]\n\t(No symbol) [0x00D9A104]\n\t(No symbol) [0x00D86DA6]\n\t(No symbol) [0x00D61034]\n\t(No symbol) [0x00D61F8D]\n\tGetHandleVerifier [0x011949CC+820268]\n\tsqlite3_dbdata_init [0x01254EBE+652494]\n\tsqlite3_dbdata_init [0x012548D9+650985]\n\tsqlite3_dbdata_init [0x0124962C+605244]\n\tsqlite3_dbdata_init [0x0125586B+654971]\n\t(No symbol) [0x0102FEBC]\n\t(No symbol) [0x01028428]\n\t(No symbol) [0x0102854D]\n\t(No symbol) [0x01015858]\n\tBaseThreadInitThunk [0x76ADFCC9+25]\n\tRtlGetAppContainerNamedObjectPath [0x77657C6E+286]\n\tRtlGetAppContainerNamedObjectPath [0x77657C3E+238]\n\nScreenshot: file://C:\\Users\\turol\\.selene\\screenshots\\1702129097126\\1702129097126.png\nPageSource: file://C:\\Users\\turol\\.selene\\screenshots\\1702129097126\\1702129097126.html", "trace": "fn = <selene.core.conditions.ElementCondition object at 0x000001A4C2542FA0>\n\n    def logic(fn: Callable[[E], R]) -> R:\n        finish_time = time.time() + self._timeout\n    \n        while True:\n            try:\n>               return fn(self.entity)\n\n.venv\\lib\\site-packages\\selene\\core\\wait.py:119: \n_ _ _ _ _ _ _ _ _ _ _ _ _ _ _ _ _ _ _ _ _ _ _ _ _ _ _ _ _ _ _ _ _ _ _ _ _ _ _ _ _ _ _ _ _ _ _ _ _ _ _ _ _ _ _ _ _ _ _ _ _ _ _ _ _ _ _ _ _ _ _ _ _ _ _ _ _ _ _ _ _ _ _ _ _ _ _ _ _ _ _ _ _ _ _ _ _ _ _ _ _ _ _ _ _ _ _ _ _ _ _ _ _ _ _ _\n.venv\\lib\\site-packages\\selene\\core\\condition.py:174: in __call__\n    return self._fn(entity)\n.venv\\lib\\site-packages\\selene\\core\\condition.py:121: in fn\n    if not predicate(entity):\n.venv\\lib\\site-packages\\selene\\core\\match.py:37: in <lambda>\n    'is visible', lambda element: element().is_displayed()\n.venv\\lib\\site-packages\\selene\\core\\entity.py:196: in __call__\n    return self.locate()\n.venv\\lib\\site-packages\\selene\\core\\entity.py:189: in locate\n    return self._locator()\n.venv\\lib\\site-packages\\selene\\core\\locator.py:34: in __call__\n    return self._locate()\n.venv\\lib\\site-packages\\selene\\core\\entity.py:1133: in <lambda>\n    Locator(f'{self}.element({by})', lambda: self.driver.find_element(*by)),\n.venv\\lib\\site-packages\\selenium\\webdriver\\remote\\webdriver.py:742: in find_element\n    return self.execute(Command.FIND_ELEMENT, {\"using\": by, \"value\": value})[\"value\"]\n.venv\\lib\\site-packages\\selenium\\webdriver\\remote\\webdriver.py:348: in execute\n    self.error_handler.check_response(response)\n_ _ _ _ _ _ _ _ _ _ _ _ _ _ _ _ _ _ _ _ _ _ _ _ _ _ _ _ _ _ _ _ _ _ _ _ _ _ _ _ _ _ _ _ _ _ _ _ _ _ _ _ _ _ _ _ _ _ _ _ _ _ _ _ _ _ _ _ _ _ _ _ _ _ _ _ _ _ _ _ _ _ _ _ _ _ _ _ _ _ _ _ _ _ _ _ _ _ _ _ _ _ _ _ _ _ _ _ _ _ _ _ _ _ _ _\n\nself = <selenium.webdriver.remote.errorhandler.ErrorHandler object at 0x000001A4C267A820>\nresponse = {'status': 404, 'value': '{\"value\":{\"error\":\"no such element\",\"message\":\"no such element: Unable to locate element: {\\...\\n\\\\tRtlGetAppContainerNamedObjectPath [0x77657C6E+286]\\\\n\\\\tRtlGetAppContainerNamedObjectPath [0x77657C3E+238]\\\\n\"}}'}\n\n    def check_response(self, response: Dict[str, Any]) -> None:\n        \"\"\"Checks that a JSON response from the WebDriver does not have an\n        error.\n    \n        :Args:\n         - response - The JSON response from the WebDriver server as a dictionary\n           object.\n    \n        :Raises: If the response contains an error message.\n        \"\"\"\n        status = response.get(\"status\", None)\n        if not status or status == ErrorCode.SUCCESS:\n            return\n        value = None\n        message = response.get(\"message\", \"\")\n        screen: str = response.get(\"screen\", \"\")\n        stacktrace = None\n        if isinstance(status, int):\n            value_json = response.get(\"value\", None)\n            if value_json and isinstance(value_json, str):\n                import json\n    \n                try:\n                    value = json.loads(value_json)\n                    if len(value) == 1:\n                        value = value[\"value\"]\n                    status = value.get(\"error\", None)\n                    if not status:\n                        status = value.get(\"status\", ErrorCode.UNKNOWN_ERROR)\n                        message = value.get(\"value\") or value.get(\"message\")\n                        if not isinstance(message, str):\n                            value = message\n                            message = message.get(\"message\")\n                    else:\n                        message = value.get(\"message\", None)\n                except ValueError:\n                    pass\n    \n        exception_class: Type[WebDriverException]\n        e = ErrorCode()\n        error_codes = [item for item in dir(e) if not item.startswith(\"__\")]\n        for error_code in error_codes:\n            error_info = getattr(ErrorCode, error_code)\n            if isinstance(error_info, list) and status in error_info:\n                exception_class = getattr(ExceptionMapping, error_code, WebDriverException)\n                break\n        else:\n            exception_class = WebDriverException\n    \n        if not value:\n            value = response[\"value\"]\n        if isinstance(value, str):\n            raise exception_class(value)\n        if message == \"\" and \"message\" in value:\n            message = value[\"message\"]\n    \n        screen = None  # type: ignore[assignment]\n        if \"screen\" in value:\n            screen = value[\"screen\"]\n    \n        stacktrace = None\n        st_value = value.get(\"stackTrace\") or value.get(\"stacktrace\")\n        if st_value:\n            if isinstance(st_value, str):\n                stacktrace = st_value.split(\"\\n\")\n            else:\n                stacktrace = []\n                try:\n                    for frame in st_value:\n                        line = frame.get(\"lineNumber\", \"\")\n                        file = frame.get(\"fileName\", \"<anonymous>\")\n                        if line:\n                            file = f\"{file}:{line}\"\n                        meth = frame.get(\"methodName\", \"<anonymous>\")\n                        if \"className\" in frame:\n                            meth = f\"{frame['className']}.{meth}\"\n                        msg = \"    at %s (%s)\"\n                        msg = msg % (meth, file)\n                        stacktrace.append(msg)\n                except TypeError:\n                    pass\n        if exception_class == UnexpectedAlertPresentException:\n            alert_text = None\n            if \"data\" in value:\n                alert_text = value[\"data\"].get(\"text\")\n            elif \"alert\" in value:\n                alert_text = value[\"alert\"].get(\"text\")\n            raise exception_class(message, screen, stacktrace, alert_text)  # type: ignore[call-arg]  # mypy is not smart enough here\n>       raise exception_class(message, screen, stacktrace)\nE       selenium.common.exceptions.NoSuchElementException: Message: no such element: Unable to locate element: {\"method\":\"xpath\",\"selector\":\".//*[text()[contains(normalize-space(.), concat(\"\", \"Issue_created_to_test_allure_reportt\"))]]\"}\nE         (Session info: chrome-headless-shell=120.0.6099.71); For documentation on this error, please visit: https://www.selenium.dev/documentation/webdriver/troubleshooting/errors#no-such-element-exception\nE       Stacktrace:\nE       \tGetHandleVerifier [0x010F6E73+174291]\nE       \t(No symbol) [0x01020AC1]\nE       \t(No symbol) [0x00D36FF6]\nE       \t(No symbol) [0x00D69876]\nE       \t(No symbol) [0x00D69C2C]\nE       \t(No symbol) [0x00D9BD42]\nE       \t(No symbol) [0x00D87054]\nE       \t(No symbol) [0x00D9A104]\nE       \t(No symbol) [0x00D86DA6]\nE       \t(No symbol) [0x00D61034]\nE       \t(No symbol) [0x00D61F8D]\nE       \tGetHandleVerifier [0x011949CC+820268]\nE       \tsqlite3_dbdata_init [0x01254EBE+652494]\nE       \tsqlite3_dbdata_init [0x012548D9+650985]\nE       \tsqlite3_dbdata_init [0x0124962C+605244]\nE       \tsqlite3_dbdata_init [0x0125586B+654971]\nE       \t(No symbol) [0x0102FEBC]\nE       \t(No symbol) [0x01028428]\nE       \t(No symbol) [0x0102854D]\nE       \t(No symbol) [0x01015858]\nE       \tBaseThreadInitThunk [0x76ADFCC9+25]\nE       \tRtlGetAppContainerNamedObjectPath [0x77657C6E+286]\nE       \tRtlGetAppContainerNamedObjectPath [0x77657C3E+238]\n\n.venv\\lib\\site-packages\\selenium\\webdriver\\remote\\errorhandler.py:229: NoSuchElementException\n\nDuring handling of the above exception, another exception occurred:\n\nbrowser_config = None\n\n    def test_issue_dynamic(browser_config):\n        with allure.step(\"Открываем страницу\"):\n            browser.open('/')\n    \n        with allure.step(\"Ищем репозиторий\"):\n            browser.element('.search-input').click()\n            browser.element('#query-builder-test').send_keys('eroshenkoam/allure-example').press_enter()\n    \n        with allure.step(\"Переходим в репозиторий\"):\n            browser.element(by.link_text('eroshenkoam/allure-example')).click()\n    \n        with allure.step(\"Переходим на вкладку issues\"):\n            browser.element('#issues-tab').click()\n    \n        with allure.step(\"Ищем задачу с названием Issue_created_to_test_allure_reports\"):\n>           browser.element(by.partial_text('Issue_created_to_test_allure_reportt')).should(be.visible)\n\ntests\\test_allure_steps.py:20: \n_ _ _ _ _ _ _ _ _ _ _ _ _ _ _ _ _ _ _ _ _ _ _ _ _ _ _ _ _ _ _ _ _ _ _ _ _ _ _ _ _ _ _ _ _ _ _ _ _ _ _ _ _ _ _ _ _ _ _ _ _ _ _ _ _ _ _ _ _ _ _ _ _ _ _ _ _ _ _ _ _ _ _ _ _ _ _ _ _ _ _ _ _ _ _ _ _ _ _ _ _ _ _ _ _ _ _ _ _ _ _ _ _ _ _ _\n.venv\\lib\\site-packages\\selene\\core\\entity.py:136: in should\n    self.wait.for_(condition)\n.venv\\lib\\site-packages\\selene\\core\\wait.py:143: in for_\n    return self._decorator(self)(logic)(fn)\n_ _ _ _ _ _ _ _ _ _ _ _ _ _ _ _ _ _ _ _ _ _ _ _ _ _ _ _ _ _ _ _ _ _ _ _ _ _ _ _ _ _ _ _ _ _ _ _ _ _ _ _ _ _ _ _ _ _ _ _ _ _ _ _ _ _ _ _ _ _ _ _ _ _ _ _ _ _ _ _ _ _ _ _ _ _ _ _ _ _ _ _ _ _ _ _ _ _ _ _ _ _ _ _ _ _ _ _ _ _ _ _ _ _ _ _\n\nfn = <selene.core.conditions.ElementCondition object at 0x000001A4C2542FA0>\n\n    def logic(fn: Callable[[E], R]) -> R:\n        finish_time = time.time() + self._timeout\n    \n        while True:\n            try:\n                return fn(self.entity)\n            except Exception as reason:\n                if time.time() > finish_time:\n                    reason_message = str(reason)\n    \n                    reason_string = '{name}: {message}'.format(\n                        name=reason.__class__.__name__,\n                        message=reason_message,\n                    )\n                    # TODO: think on how can we improve logging failures in selene, e.g. reverse msg and stacktrace\n                    # stacktrace = getattr(reason, 'stacktrace', None)\n                    timeout = self._timeout\n                    entity = self.entity\n    \n                    failure = TimeoutException(\n                        f'\\n'\n                        f'\\nTimed out after {timeout}s, while waiting for:'\n                        f'\\n{entity}.{fn}'\n                        f'\\n'\n                        f'\\nReason: {reason_string}'\n                    )\n    \n>                   raise self._hook_failure(failure)\nE                   selene.core.exceptions.TimeoutException: Message: \nE                   \nE                   Timed out after 4s, while waiting for:\nE                   browser.element(('xpath', './/*[text()[contains(normalize-space(.), concat(\"\", \"Issue_created_to_test_allure_reportt\"))]]')).is visible\nE                   \nE                   Reason: NoSuchElementException: Message: no such element: Unable to locate element: {\"method\":\"xpath\",\"selector\":\".//*[text()[contains(normalize-space(.), concat(\"\", \"Issue_created_to_test_allure_reportt\"))]]\"}\nE                     (Session info: chrome-headless-shell=120.0.6099.71); For documentation on this error, please visit: https://www.selenium.dev/documentation/webdriver/troubleshooting/errors#no-such-element-exception\nE                   Stacktrace:\nE                   \tGetHandleVerifier [0x010F6E73+174291]\nE                   \t(No symbol) [0x01020AC1]\nE                   \t(No symbol) [0x00D36FF6]\nE                   \t(No symbol) [0x00D69876]\nE                   \t(No symbol) [0x00D69C2C]\nE                   \t(No symbol) [0x00D9BD42]\nE                   \t(No symbol) [0x00D87054]\nE                   \t(No symbol) [0x00D9A104]\nE                   \t(No symbol) [0x00D86DA6]\nE                   \t(No symbol) [0x00D61034]\nE                   \t(No symbol) [0x00D61F8D]\nE                   \tGetHandleVerifier [0x011949CC+820268]\nE                   \tsqlite3_dbdata_init [0x01254EBE+652494]\nE                   \tsqlite3_dbdata_init [0x012548D9+650985]\nE                   \tsqlite3_dbdata_init [0x0124962C+605244]\nE                   \tsqlite3_dbdata_init [0x0125586B+654971]\nE                   \t(No symbol) [0x0102FEBC]\nE                   \t(No symbol) [0x01028428]\nE                   \t(No symbol) [0x0102854D]\nE                   \t(No symbol) [0x01015858]\nE                   \tBaseThreadInitThunk [0x76ADFCC9+25]\nE                   \tRtlGetAppContainerNamedObjectPath [0x77657C6E+286]\nE                   \tRtlGetAppContainerNamedObjectPath [0x77657C3E+238]\nE                   \nE                   Screenshot: file://C:\\Users\\turol\\.selene\\screenshots\\1702129097126\\1702129097126.png\nE                   PageSource: file://C:\\Users\\turol\\.selene\\screenshots\\1702129097126\\1702129097126.html\n\n.venv\\lib\\site-packages\\selene\\core\\wait.py:141: TimeoutException"}, "steps": [{"name": "Открываем страницу", "status": "passed", "start": 1702129118730, "stop": 1702129123590}, {"name": "Ищем репозиторий", "status": "passed", "start": 1702129123590, "stop": 1702129124125}, {"name": "Переходим в репозиторий", "status": "passed", "start": 1702129124125, "stop": 1702129125531}, {"name": "Переходим на вкладку issues", "status": "passed", "start": 1702129125531, "stop": 1702129125973}, {"name": "Ищем задачу с названием Issue_created_to_test_allure_reports", "status": "failed", "statusDetails": {"message": "selene.core.exceptions.TimeoutException: Message: \n\nTimed out after 4s, while waiting for:\nbrowser.element(('xpath', './/*[text()[contains(normalize-space(.), concat(\"\", \"Issue_created_to_test_allure_reportt\"))]]')).is visible\n\nReason: NoSuchElementException: Message: no such element: Unable to locate element: {\"method\":\"xpath\",\"selector\":\".//*[text()[contains(normalize-space(.), concat(\"\", \"Issue_created_to_test_allure_reportt\"))]]\"}\n  (Session info: chrome-headless-shell=120.0.6099.71); For documentation on this error, please visit: https://www.selenium.dev/documentation/webdriver/troubleshooting/errors#no-such-element-exception\nStacktrace:\n\tGetHandleVerifier [0x010F6E73+174291]\n\t(No symbol) [0x01020AC1]\n\t(No symbol) [0x00D36FF6]\n\t(No symbol) [0x00D69876]\n\t(No symbol) [0x00D69C2C]\n\t(No symbol) [0x00D9BD42]\n\t(No symbol) [0x00D87054]\n\t(No symbol) [0x00D9A104]\n\t(No symbol) [0x00D86DA6]\n\t(No symbol) [0x00D61034]\n\t(No symbol) [0x00D61F8D]\n\tGetHandleVerifier [0x011949CC+820268]\n\tsqlite3_dbdata_init [0x01254EBE+652494]\n\tsqlite3_dbdata_init [0x012548D9+650985]\n\tsqlite3_dbdata_init [0x0124962C+605244]\n\tsqlite3_dbdata_init [0x0125586B+654971]\n\t(No symbol) [0x0102FEBC]\n\t(No symbol) [0x01028428]\n\t(No symbol) [0x0102854D]\n\t(No symbol) [0x01015858]\n\tBaseThreadInitThunk [0x76ADFCC9+25]\n\tRtlGetAppContainerNamedObjectPath [0x77657C6E+286]\n\tRtlGetAppContainerNamedObjectPath [0x77657C3E+238]\n\nScreenshot: file://C:\\Users\\turol\\.selene\\screenshots\\1702129097126\\1702129097126.png\nPageSource: file://C:\\Users\\turol\\.selene\\screenshots\\1702129097126\\1702129097126.html\n\n", "trace": "  File \"C:\\Users\\turol\\PycharmProjects\\Homework9-9\\tests\\test_allure_steps.py\", line 20, in test_issue_dynamic\n    browser.element(by.partial_text('Issue_created_to_test_allure_reportt')).should(be.visible)\n  File \"C:\\Users\\turol\\PycharmProjects\\Homework9-9\\.venv\\lib\\site-packages\\selene\\core\\entity.py\", line 136, in should\n    self.wait.for_(condition)\n  File \"C:\\Users\\turol\\PycharmProjects\\Homework9-9\\.venv\\lib\\site-packages\\selene\\core\\wait.py\", line 143, in for_\n    return self._decorator(self)(logic)(fn)\n  File \"C:\\Users\\turol\\PycharmProjects\\Homework9-9\\.venv\\lib\\site-packages\\selene\\core\\wait.py\", line 141, in logic\n    raise self._hook_failure(failure)\n"}, "start": 1702129125973, "stop": 1702129130309}], "attachments": [{"name": "stderr", "source": "0416cbc1-87e0-42bf-b4e5-d45c6ecb4efa-attachment.txt", "type": "text/plain"}], "start": 1702129118730, "stop": 1702129130375, "uuid": "ec8b38b2-724e-479a-bde0-73240984b63f", "historyId": "f24ac7d6fe658ad24dc1c8a6645844d5", "testCaseId": "f24ac7d6fe658ad24dc1c8a6645844d5", "fullName": "tests.test_allure_steps#test_issue_dynamic", "labels": [{"name": "parentSuite", "value": "tests"}, {"name": "suite", "value": "test_allure_steps"}, {"name": "host", "value": "BigCat-HP"}, {"name": "thread", "value": "7960-MainThread"}, {"name": "framework", "value": "pytest"}, {"name": "language", "value": "cpython3"}, {"name": "package", "value": "tests.test_allure_steps"}]}